<?xml version="1.0" encoding="UTF-8"?>
<!-- Generated by org.testng.reporters.JUnitXMLReporter -->
<testsuite ignored="4" hostname="DESKTOP-1SSKRN5" failures="2" tests="2" name="Surefire test" time="22.975" errors="0" timestamp="04 Jan 2022 20:05:53 GMT">
  <testcase classname="pagefactory.tests.AddToCartTests" name="checkAddToCart" time="6.964">
    <failure type="java.lang.AssertionError" message="expected [1] but found []">
      <![CDATA[java.lang.AssertionError: expected [1] but found []
at pagefactory.tests.AddToCartTests.checkAddToCart(AddToCartTests.java:20)
... Removed 36 stack frames]]>
    </failure>
  </testcase> <!-- checkAddToCart -->
  <testcase classname="pageobject.tests.AddToCartTests" name="checkAddToCart" time="6.006">
    <failure type="java.lang.AssertionError" message="expected [1] but found []">
      <![CDATA[java.lang.AssertionError: expected [1] but found []
at pageobject.tests.AddToCartTests.checkAddToCart(AddToCartTests.java:20)
... Removed 36 stack frames]]>
    </failure>
  </testcase> <!-- checkAddToCart -->
  <testcase classname="pageobject.tests.BaseTest" name="@BeforeTest profileSetUp" time="0.0">
    <ignored/>
  </testcase> <!-- @BeforeTest profileSetUp -->
  <testcase classname="pageobject.tests.BaseTest" name="@BeforeTest profileSetUp" time="0.0">
    <ignored/>
  </testcase> <!-- @BeforeTest profileSetUp -->
  <testcase classname="pagefactory.tests.BaseTest" name="@BeforeTest profileSetUp" time="0.0">
    <ignored/>
  </testcase> <!-- @BeforeTest profileSetUp -->
  <testcase classname="pagefactory.tests.BaseTest" name="@BeforeTest profileSetUp" time="0.0">
    <ignored/>
  </testcase> <!-- @BeforeTest profileSetUp -->
</testsuite> <!-- Surefire test -->
